[2020-09-07 13:31:42.979] [warn] Current working directory is /home/xbankov, changing into /opt/Mattermost
[2020-09-07 17:07:37.398] [info] Untrusted popup window blocked: http://www.czechgamer.com/35348/doom-sa-podarilo-rozbehnu-na-tehotenskom-teste.html
[2020-09-07 17:10:56.106] [info] Untrusted popup window blocked: https://neznam.szn.cz/novinky/zprava/14980-mame-dalsi-potvrzenou-nakazu-koronavirem-na-prazske-centrale
[2020-09-09 10:50:20.612] [info] Untrusted popup window blocked: https://neznam.szn.cz/novinky/zprava/14985-seznam-v-dobe-koronavirove-podruhe-nova-opatreni
[2020-09-09 10:50:31.761] [info] Untrusted popup window blocked: https://twitter.com/Foone/status/1302820468819288066
[2020-09-09 12:03:03.815] [info] Untrusted popup window blocked: https://gitlab.seznam.net/research/mapy-search-relevance/-/blob/master/python/maprel/search.py#L83
[2020-09-10 09:04:14.165] [info] Untrusted popup window blocked: https://docs.google.com/document/d/1ztT9vbS1dUjmpS3l_zF1kA2LTnaEsrT-D9zMca3VVf8/edit#
[2020-09-10 14:09:23.719] [info] Untrusted popup window blocked: https://datacadamia.com/db/spark/pyspark/pyspark
[2020-09-10 14:10:12.647] [info] Untrusted popup window blocked: https://gitlab.seznam.net/research/pyspark-tutorial/-/blob/master/PySparkTutorial.ipynb
[2020-09-10 14:13:58.503] [info] Untrusted popup window blocked: https://cml.kancelar.seznam.cz/research/wiki/ConsLogHelp
[2020-09-10 14:42:13.734] [info] Untrusted popup window blocked: https://datacadamia.com/db/spark/pyspark/pyspark
[2020-09-10 14:42:14.249] [info] Untrusted popup window blocked: https://gitlab.seznam.net/research/pyspark-tutorial/-/blob/master/PySparkTutorial.ipynb
[2020-09-10 15:19:17.385] [info] Untrusted popup window blocked: https://gitlab.seznam.net/email/pyfastrpc/-/blob/master/pyfastrpc/server_proxy.py#L38
[2020-09-11 11:01:44.923] [info] Untrusted popup window blocked: http://blog.wheezcum.dev/undelete-na-hdfs.html
[2020-09-11 11:11:43.489] [info] Untrusted popup window blocked: http://crmaster2.dev.dszn.cz:50070/dfshealth.html#tab-overview
[2020-09-11 15:59:55.981] [info] Untrusted popup window blocked: https://neznam.szn.cz/novinky/zprava/14996-objevil-se-dalsi-pripad-nakazy-koronavirem-na-prazske-centrale
[2020-09-14 09:41:13.467] [info] Untrusted popup window blocked: https://neznam.szn.cz/novinky/zprava/14997-home-office-na-technickych-produktovych-a-vyvojovych-pozicich
[2020-09-15 11:42:55.986] [info] Untrusted popup window blocked: https://drive.google.com/file/d/1FU4FVQNsjhlx_AMO8X4kINu06Mo3vtnl/view
[2020-09-16 09:27:04.222] [info] Untrusted popup window blocked: https://gitlab.seznam.net/research/common
[2020-09-16 15:46:27.450] [warn] Current working directory is /home/xbankov, changing into /opt/Mattermost
[2020-09-16 16:04:48.323] [warn] Current working directory is /home/xbankov, changing into /opt/Mattermost
